2023-02-07 18:54:36,303 INFO o.a.j.u.JMeterUtils: Setting Locale to en_EN
2023-02-07 18:54:36,303 INFO o.a.j.JMeter: Loading user properties from: user.properties
2023-02-07 18:54:36,303 INFO o.a.j.JMeter: Loading system properties from: system.properties
2023-02-07 18:54:36,303 INFO o.a.j.JMeter: Copyright (c) 1998-2022 The Apache Software Foundation
2023-02-07 18:54:36,303 INFO o.a.j.JMeter: Version 5.5
2023-02-07 18:54:36,303 INFO o.a.j.JMeter: java.version=1.8.0_361
2023-02-07 18:54:36,303 INFO o.a.j.JMeter: java.vm.name=Java HotSpot(TM) Client VM
2023-02-07 18:54:36,303 INFO o.a.j.JMeter: os.name=Windows 10
2023-02-07 18:54:36,303 INFO o.a.j.JMeter: os.arch=x86
2023-02-07 18:54:36,303 INFO o.a.j.JMeter: os.version=10.0
2023-02-07 18:54:36,303 INFO o.a.j.JMeter: file.encoding=Cp1250
2023-02-07 18:54:36,303 INFO o.a.j.JMeter: java.awt.headless=true
2023-02-07 18:54:36,303 INFO o.a.j.JMeter: Max memory     =1073741824
2023-02-07 18:54:36,303 INFO o.a.j.JMeter: Available Processors =8
2023-02-07 18:54:36,319 INFO o.a.j.JMeter: Default Locale=English (EN)
2023-02-07 18:54:36,319 INFO o.a.j.JMeter: JMeter  Locale=English (EN)
2023-02-07 18:54:36,319 INFO o.a.j.JMeter: JMeterHome=C:\Users\Korisnik\Desktop\jmeter\apache-jmeter-5.5
2023-02-07 18:54:36,319 INFO o.a.j.JMeter: user.dir  =C:\Users\Korisnik\Desktop\jmeter\apache-jmeter-5.5\bin
2023-02-07 18:54:36,319 INFO o.a.j.JMeter: PWD       =C:\Users\Korisnik\Desktop\jmeter\apache-jmeter-5.5\bin
2023-02-07 18:54:36,319 INFO o.a.j.JMeter: IP: 192.168.0.15 Name: DESKTOP-C1LTJ33 FullName: DESKTOP-C1LTJ33
2023-02-07 18:54:36,335 INFO o.a.j.JMeter: Setting property 'jmeter.reportgenerator.outputdir' to:'C:\Users\Korisnik\Desktop\jmeter\apache-jmeter-5.5\bin\LoadTest\HTMLReport'
2023-02-07 18:54:36,335 INFO o.a.j.s.FileServer: Default base='C:\Users\Korisnik\Desktop\jmeter\apache-jmeter-5.5\bin'
2023-02-07 18:54:36,335 INFO o.a.j.s.FileServer: Set new base='C:\Users\Korisnik\Desktop\jmeter\apache-jmeter-5.5\bin\LoadTest'
2023-02-07 18:54:36,428 INFO o.a.j.s.SaveService: Testplan (JMX) version: 2.2. Testlog (JTL) version: 2.2
2023-02-07 18:54:36,428 INFO o.a.j.s.SaveService: Using SaveService properties file encoding UTF-8
2023-02-07 18:54:36,444 INFO o.a.j.s.SaveService: Using SaveService properties version 5.0
2023-02-07 18:54:36,444 INFO o.a.j.s.SaveService: Loading file: C:\Users\Korisnik\Desktop\jmeter\apache-jmeter-5.5\bin\LoadTest\projekt.jmx
2023-02-07 18:54:36,491 INFO o.a.j.p.h.s.HTTPSamplerBase: Parser for text/html is org.apache.jmeter.protocol.http.parser.LagartoBasedHtmlParser
2023-02-07 18:54:36,491 INFO o.a.j.p.h.s.HTTPSamplerBase: Parser for application/xhtml+xml is org.apache.jmeter.protocol.http.parser.LagartoBasedHtmlParser
2023-02-07 18:54:36,491 INFO o.a.j.p.h.s.HTTPSamplerBase: Parser for application/xml is org.apache.jmeter.protocol.http.parser.LagartoBasedHtmlParser
2023-02-07 18:54:36,491 INFO o.a.j.p.h.s.HTTPSamplerBase: Parser for text/xml is org.apache.jmeter.protocol.http.parser.LagartoBasedHtmlParser
2023-02-07 18:54:36,491 INFO o.a.j.p.h.s.HTTPSamplerBase: Parser for text/vnd.wap.wml is org.apache.jmeter.protocol.http.parser.RegexpHTMLParser
2023-02-07 18:54:36,491 INFO o.a.j.p.h.s.HTTPSamplerBase: Parser for text/css is org.apache.jmeter.protocol.http.parser.CssParser
2023-02-07 18:54:36,678 INFO o.a.j.JMeter: Creating summariser <summary>
2023-02-07 18:54:36,694 INFO o.a.j.r.d.ReportGenerator: ReportGenerator will use for Parsing the separator: ','
2023-02-07 18:54:36,694 INFO o.a.j.r.d.ReportGenerator: Will generate report at end of test from  results file: C:\Users\Korisnik\Desktop\jmeter\apache-jmeter-5.5\bin\LoadTest\loadtest.csv
2023-02-07 18:54:36,694 INFO o.a.j.r.d.ReportGenerator: Reading report generator properties from: C:\Users\Korisnik\Desktop\jmeter\apache-jmeter-5.5\bin\reportgenerator.properties
2023-02-07 18:54:36,694 INFO o.a.j.r.d.ReportGenerator: Merging with JMeter properties
2023-02-07 18:54:36,694 INFO o.a.j.r.c.ReportGeneratorConfiguration: Property 'jmeter.reportgenerator.temp_dir' not found, using default value 'temp' instead.
2023-02-07 18:54:36,694 INFO o.a.j.r.c.ReportGeneratorConfiguration: Property 'jmeter.reportgenerator.apdex_per_transaction' not found, using default value 'null' instead.
2023-02-07 18:54:36,694 INFO o.a.j.r.c.ReportGeneratorConfiguration: apdex_per_transaction is empty, not APDEX per transaction customization
2023-02-07 18:54:36,694 INFO o.a.j.r.c.ReportGeneratorConfiguration: Property 'jmeter.reportgenerator.sample_filter' not found, using default value 'null' instead.
2023-02-07 18:54:36,694 INFO o.a.j.r.c.ReportGeneratorConfiguration: Property 'jmeter.reportgenerator.report_title' not found, using default value 'null' instead.
2023-02-07 18:54:36,694 INFO o.a.j.r.c.ReportGeneratorConfiguration: Property 'jmeter.reportgenerator.start_date' not found, using default value 'null' instead.
2023-02-07 18:54:36,694 INFO o.a.j.r.c.ReportGeneratorConfiguration: Property 'jmeter.reportgenerator.end_date' not found, using default value 'null' instead.
2023-02-07 18:54:36,694 INFO o.a.j.r.c.ReportGeneratorConfiguration: Property 'jmeter.reportgenerator.date_format' not found, using default value 'null' instead.
2023-02-07 18:54:36,694 INFO o.a.j.r.c.ReportGeneratorConfiguration: Will use date range start date: null, end date: null
2023-02-07 18:54:36,694 INFO o.a.j.r.c.ReportGeneratorConfiguration: Property 'jmeter.reportgenerator.graph.totalTPS.exclude_controllers' not found, using default value 'false' instead.
2023-02-07 18:54:36,694 INFO o.a.j.r.c.ReportGeneratorConfiguration: Property 'jmeter.reportgenerator.graph.activeThreadsOverTime.exclude_controllers' not found, using default value 'false' instead.
2023-02-07 18:54:36,694 INFO o.a.j.r.c.ReportGeneratorConfiguration: Property 'jmeter.reportgenerator.graph.timeVsThreads.exclude_controllers' not found, using default value 'false' instead.
2023-02-07 18:54:36,694 INFO o.a.j.r.c.ReportGeneratorConfiguration: Property 'jmeter.reportgenerator.graph.responseTimeDistribution.exclude_controllers' not found, using default value 'false' instead.
2023-02-07 18:54:36,694 INFO o.a.j.r.c.ReportGeneratorConfiguration: Property 'jmeter.reportgenerator.graph.transactionsPerSecond.exclude_controllers' not found, using default value 'false' instead.
2023-02-07 18:54:36,694 INFO o.a.j.r.c.ReportGeneratorConfiguration: Property 'jmeter.reportgenerator.graph.responseTimePercentiles.exclude_controllers' not found, using default value 'false' instead.
2023-02-07 18:54:36,694 INFO o.a.j.r.c.ReportGeneratorConfiguration: Property 'jmeter.reportgenerator.graph.responseTimePercentilesOverTime.exclude_controllers' not found, using default value 'false' instead.
2023-02-07 18:54:36,694 INFO o.a.j.r.c.ReportGeneratorConfiguration: Property 'jmeter.reportgenerator.graph.responseTimesOverTime.exclude_controllers' not found, using default value 'false' instead.
2023-02-07 18:54:36,694 INFO o.a.j.r.c.ReportGeneratorConfiguration: Property 'jmeter.reportgenerator.graph.connectTimeOverTime.exclude_controllers' not found, using default value 'false' instead.
2023-02-07 18:54:36,694 INFO o.a.j.r.c.ReportGeneratorConfiguration: Property 'jmeter.reportgenerator.graph.latenciesOverTime.exclude_controllers' not found, using default value 'false' instead.
2023-02-07 18:54:36,694 INFO o.a.j.r.c.ReportGeneratorConfiguration: Property 'jmeter.reportgenerator.exporter.json.filters_only_sample_series' not found, using default value 'true' instead.
2023-02-07 18:54:36,694 INFO o.a.j.r.c.ReportGeneratorConfiguration: Property 'jmeter.reportgenerator.exporter.json.series_filter' not found, using default value '' instead.
2023-02-07 18:54:36,694 INFO o.a.j.r.c.ReportGeneratorConfiguration: Property 'jmeter.reportgenerator.exporter.json.show_controllers_only' not found, using default value 'false' instead.
2023-02-07 18:54:36,694 INFO o.a.j.r.c.ReportGeneratorConfiguration: Property 'jmeter.reportgenerator.exporter.html.filters_only_sample_series' not found, using default value 'true' instead.
2023-02-07 18:54:36,694 INFO o.a.j.r.c.ReportGeneratorConfiguration: Property 'jmeter.reportgenerator.exporter.html.series_filter' not found, using default value '' instead.
2023-02-07 18:54:36,694 INFO o.a.j.r.c.ReportGeneratorConfiguration: Property 'jmeter.reportgenerator.exporter.html.show_controllers_only' not found, using default value 'false' instead.
2023-02-07 18:54:36,709 INFO o.a.j.e.StandardJMeterEngine: Running the test!
2023-02-07 18:54:36,709 INFO o.a.j.s.SampleEvent: List of sample_variables: []
2023-02-07 18:54:36,709 INFO o.a.j.s.SampleEvent: List of sample_variables: []
2023-02-07 18:54:36,709 INFO o.a.j.e.u.CompoundVariable: Note: Function class names must contain the string: '.functions.'
2023-02-07 18:54:36,709 INFO o.a.j.e.u.CompoundVariable: Note: Function class names must not contain the string: '.gui.'
2023-02-07 18:54:36,928 INFO o.a.j.JMeter: Running test (1675792476928)
2023-02-07 18:54:36,944 INFO o.a.j.e.StandardJMeterEngine: Starting ThreadGroup: 1 : Thread Group
2023-02-07 18:54:36,944 INFO o.a.j.e.StandardJMeterEngine: Starting 100 threads for group Thread Group.
2023-02-07 18:54:36,944 INFO o.a.j.e.StandardJMeterEngine: Thread will continue on error
2023-02-07 18:54:36,944 INFO o.a.j.t.ThreadGroup: Starting thread group... number=1 threads=100 ramp-up=10 delayedStart=false
2023-02-07 18:54:36,963 INFO o.a.j.t.JMeterThread: Thread started: Thread Group 1-1
2023-02-07 18:54:36,980 INFO o.a.j.p.h.s.HTTPHCAbstractImpl: Local host = DESKTOP-C1LTJ33
2023-02-07 18:54:36,983 INFO o.a.j.t.ThreadGroup: Started thread group number 1
2023-02-07 18:54:36,983 INFO o.a.j.e.StandardJMeterEngine: All thread groups have been started
2023-02-07 18:54:36,986 INFO o.a.j.p.h.s.HTTPHC4Impl: HTTP request retry count = 0
2023-02-07 18:54:36,987 INFO o.a.j.s.SampleResult: Note: Sample TimeStamps are START times
2023-02-07 18:54:36,987 INFO o.a.j.s.SampleResult: sampleresult.default.encoding is set to ISO-8859-1
2023-02-07 18:54:36,987 INFO o.a.j.s.SampleResult: sampleresult.useNanoTime=true
2023-02-07 18:54:36,987 INFO o.a.j.s.SampleResult: sampleresult.nanoThreadSleep=5000
2023-02-07 18:54:37,049 INFO o.a.j.t.JMeterThread: Thread started: Thread Group 1-2
2023-02-07 18:54:37,112 INFO o.a.j.p.h.s.h.LazyLayeredConnectionSocketFactory: Setting up HTTPS TrustAll Socket Factory
2023-02-07 18:54:37,117 INFO o.a.j.u.JsseSSLManager: Using default SSL protocol: TLS
2023-02-07 18:54:37,117 INFO o.a.j.u.JsseSSLManager: SSL session context: per-thread
2023-02-07 18:54:37,149 INFO o.a.j.t.JMeterThread: Thread started: Thread Group 1-3
2023-02-07 18:54:37,249 INFO o.a.j.t.JMeterThread: Thread started: Thread Group 1-4
2023-02-07 18:54:37,349 INFO o.a.j.t.JMeterThread: Thread started: Thread Group 1-5
2023-02-07 18:54:37,376 INFO o.a.j.u.SSLManager: JmeterKeyStore Location:  type JKS
2023-02-07 18:54:37,378 INFO o.a.j.u.SSLManager: KeyStore created OK
2023-02-07 18:54:37,378 WARN o.a.j.u.SSLManager: Keystore file not found, loading empty keystore
2023-02-07 18:54:37,449 INFO o.a.j.t.JMeterThread: Thread started: Thread Group 1-6
2023-02-07 18:54:37,549 INFO o.a.j.t.JMeterThread: Thread started: Thread Group 1-7
2023-02-07 18:54:37,645 INFO o.a.j.t.JMeterThread: Thread started: Thread Group 1-8
2023-02-07 18:54:37,746 INFO o.a.j.t.JMeterThread: Thread started: Thread Group 1-9
2023-02-07 18:54:37,846 INFO o.a.j.t.JMeterThread: Thread started: Thread Group 1-10
2023-02-07 18:54:37,946 INFO o.a.j.t.JMeterThread: Thread started: Thread Group 1-11
2023-02-07 18:54:38,044 INFO o.a.j.t.JMeterThread: Thread started: Thread Group 1-12
2023-02-07 18:54:38,154 INFO o.a.j.t.JMeterThread: Thread started: Thread Group 1-13
2023-02-07 18:54:38,245 INFO o.a.j.t.JMeterThread: Thread started: Thread Group 1-14
2023-02-07 18:54:38,346 INFO o.a.j.t.JMeterThread: Thread started: Thread Group 1-15
2023-02-07 18:54:38,444 INFO o.a.j.t.JMeterThread: Thread started: Thread Group 1-16
2023-02-07 18:54:38,546 INFO o.a.j.t.JMeterThread: Thread started: Thread Group 1-17
2023-02-07 18:54:38,646 INFO o.a.j.t.JMeterThread: Thread started: Thread Group 1-18
2023-02-07 18:54:38,745 INFO o.a.j.t.JMeterThread: Thread started: Thread Group 1-19
2023-02-07 18:54:38,846 INFO o.a.j.t.JMeterThread: Thread started: Thread Group 1-20
2023-02-07 18:54:38,946 INFO o.a.j.t.JMeterThread: Thread started: Thread Group 1-21
2023-02-07 18:54:39,044 INFO o.a.j.t.JMeterThread: Thread started: Thread Group 1-22
2023-02-07 18:54:39,145 INFO o.a.j.t.JMeterThread: Thread started: Thread Group 1-23
2023-02-07 18:54:39,245 INFO o.a.j.t.JMeterThread: Thread started: Thread Group 1-24
2023-02-07 18:54:39,345 INFO o.a.j.t.JMeterThread: Thread started: Thread Group 1-25
2023-02-07 18:54:39,444 INFO o.a.j.t.JMeterThread: Thread started: Thread Group 1-26
2023-02-07 18:54:39,544 INFO o.a.j.t.JMeterThread: Thread started: Thread Group 1-27
2023-02-07 18:54:39,645 INFO o.a.j.t.JMeterThread: Thread started: Thread Group 1-28
2023-02-07 18:54:39,745 INFO o.a.j.t.JMeterThread: Thread started: Thread Group 1-29
2023-02-07 18:54:39,850 INFO o.a.j.t.JMeterThread: Thread started: Thread Group 1-30
2023-02-07 18:54:39,944 INFO o.a.j.t.JMeterThread: Thread started: Thread Group 1-31
2023-02-07 18:54:40,044 INFO o.a.j.t.JMeterThread: Thread started: Thread Group 1-32
2023-02-07 18:54:40,146 INFO o.a.j.t.JMeterThread: Thread started: Thread Group 1-33
2023-02-07 18:54:40,246 INFO o.a.j.t.JMeterThread: Thread started: Thread Group 1-34
2023-02-07 18:54:40,345 INFO o.a.j.t.JMeterThread: Thread started: Thread Group 1-35
2023-02-07 18:54:40,444 INFO o.a.j.t.JMeterThread: Thread started: Thread Group 1-36
2023-02-07 18:54:40,545 INFO o.a.j.t.JMeterThread: Thread started: Thread Group 1-37
2023-02-07 18:54:40,646 INFO o.a.j.t.JMeterThread: Thread started: Thread Group 1-38
2023-02-07 18:54:40,745 INFO o.a.j.t.JMeterThread: Thread started: Thread Group 1-39
2023-02-07 18:54:40,844 INFO o.a.j.t.JMeterThread: Thread started: Thread Group 1-40
2023-02-07 18:54:40,944 INFO o.a.j.t.JMeterThread: Thread started: Thread Group 1-41
2023-02-07 18:54:41,045 INFO o.a.j.t.JMeterThread: Thread started: Thread Group 1-42
2023-02-07 18:54:41,144 INFO o.a.j.t.JMeterThread: Thread started: Thread Group 1-43
2023-02-07 18:54:41,245 INFO o.a.j.t.JMeterThread: Thread started: Thread Group 1-44
2023-02-07 18:54:41,346 INFO o.a.j.t.JMeterThread: Thread started: Thread Group 1-45
2023-02-07 18:54:41,445 INFO o.a.j.t.JMeterThread: Thread started: Thread Group 1-46
2023-02-07 18:54:41,545 INFO o.a.j.t.JMeterThread: Thread started: Thread Group 1-47
2023-02-07 18:54:41,645 INFO o.a.j.t.JMeterThread: Thread started: Thread Group 1-48
2023-02-07 18:54:41,738 INFO o.a.j.t.JMeterThread: Thread is done: Thread Group 1-27
2023-02-07 18:54:41,738 INFO o.a.j.t.JMeterThread: Thread finished: Thread Group 1-27
2023-02-07 18:54:41,746 INFO o.a.j.t.JMeterThread: Thread started: Thread Group 1-49
2023-02-07 18:54:41,845 INFO o.a.j.t.JMeterThread: Thread is done: Thread Group 1-25
2023-02-07 18:54:41,845 INFO o.a.j.t.JMeterThread: Thread finished: Thread Group 1-25
2023-02-07 18:54:41,846 INFO o.a.j.t.JMeterThread: Thread started: Thread Group 1-50
2023-02-07 18:54:41,868 INFO o.a.j.t.JMeterThread: Thread is done: Thread Group 1-19
2023-02-07 18:54:41,868 INFO o.a.j.t.JMeterThread: Thread finished: Thread Group 1-19
2023-02-07 18:54:41,928 INFO o.a.j.t.JMeterThread: Thread is done: Thread Group 1-14
2023-02-07 18:54:41,928 INFO o.a.j.t.JMeterThread: Thread finished: Thread Group 1-14
2023-02-07 18:54:41,945 INFO o.a.j.t.JMeterThread: Thread started: Thread Group 1-51
2023-02-07 18:54:42,044 INFO o.a.j.t.JMeterThread: Thread started: Thread Group 1-52
2023-02-07 18:54:42,087 INFO o.a.j.t.JMeterThread: Thread is done: Thread Group 1-24
2023-02-07 18:54:42,087 INFO o.a.j.t.JMeterThread: Thread finished: Thread Group 1-24
2023-02-07 18:54:42,144 INFO o.a.j.t.JMeterThread: Thread started: Thread Group 1-53
2023-02-07 18:54:42,144 INFO o.a.j.t.JMeterThread: Thread is done: Thread Group 1-22
2023-02-07 18:54:42,144 INFO o.a.j.t.JMeterThread: Thread finished: Thread Group 1-22
2023-02-07 18:54:42,245 INFO o.a.j.t.JMeterThread: Thread started: Thread Group 1-54
2023-02-07 18:54:42,346 INFO o.a.j.t.JMeterThread: Thread started: Thread Group 1-55
2023-02-07 18:54:42,415 INFO o.a.j.t.JMeterThread: Thread is done: Thread Group 1-11
2023-02-07 18:54:42,415 INFO o.a.j.t.JMeterThread: Thread finished: Thread Group 1-11
2023-02-07 18:54:42,439 INFO o.a.j.t.JMeterThread: Thread is done: Thread Group 1-2
2023-02-07 18:54:42,439 INFO o.a.j.t.JMeterThread: Thread finished: Thread Group 1-2
2023-02-07 18:54:42,446 INFO o.a.j.t.JMeterThread: Thread started: Thread Group 1-56
2023-02-07 18:54:42,544 INFO o.a.j.t.JMeterThread: Thread is done: Thread Group 1-23
2023-02-07 18:54:42,544 INFO o.a.j.t.JMeterThread: Thread finished: Thread Group 1-23
2023-02-07 18:54:42,545 INFO o.a.j.t.JMeterThread: Thread started: Thread Group 1-57
2023-02-07 18:54:42,645 INFO o.a.j.t.JMeterThread: Thread started: Thread Group 1-58
2023-02-07 18:54:42,715 INFO o.a.j.t.JMeterThread: Thread is done: Thread Group 1-1
2023-02-07 18:54:42,715 INFO o.a.j.t.JMeterThread: Thread finished: Thread Group 1-1
2023-02-07 18:54:42,745 INFO o.a.j.t.JMeterThread: Thread started: Thread Group 1-59
2023-02-07 18:54:42,751 INFO o.a.j.t.JMeterThread: Thread is done: Thread Group 1-26
2023-02-07 18:54:42,751 INFO o.a.j.t.JMeterThread: Thread finished: Thread Group 1-26
2023-02-07 18:54:42,837 INFO o.a.j.t.JMeterThread: Thread is done: Thread Group 1-33
2023-02-07 18:54:42,838 INFO o.a.j.t.JMeterThread: Thread finished: Thread Group 1-33
2023-02-07 18:54:42,846 INFO o.a.j.t.JMeterThread: Thread started: Thread Group 1-60
2023-02-07 18:54:42,946 INFO o.a.j.t.JMeterThread: Thread started: Thread Group 1-61
2023-02-07 18:54:43,008 INFO o.a.j.t.JMeterThread: Thread is done: Thread Group 1-6
2023-02-07 18:54:43,008 INFO o.a.j.t.JMeterThread: Thread finished: Thread Group 1-6
2023-02-07 18:54:43,026 INFO o.a.j.t.JMeterThread: Thread is done: Thread Group 1-21
2023-02-07 18:54:43,026 INFO o.a.j.t.JMeterThread: Thread finished: Thread Group 1-21
2023-02-07 18:54:43,044 INFO o.a.j.t.JMeterThread: Thread started: Thread Group 1-62
2023-02-07 18:54:43,076 INFO o.a.j.t.JMeterThread: Thread is done: Thread Group 1-7
2023-02-07 18:54:43,076 INFO o.a.j.t.JMeterThread: Thread finished: Thread Group 1-7
2023-02-07 18:54:43,114 INFO o.a.j.t.JMeterThread: Thread is done: Thread Group 1-29
2023-02-07 18:54:43,115 INFO o.a.j.t.JMeterThread: Thread finished: Thread Group 1-29
2023-02-07 18:54:43,144 INFO o.a.j.t.JMeterThread: Thread started: Thread Group 1-63
2023-02-07 18:54:43,173 INFO o.a.j.t.JMeterThread: Thread is done: Thread Group 1-36
2023-02-07 18:54:43,173 INFO o.a.j.t.JMeterThread: Thread finished: Thread Group 1-36
2023-02-07 18:54:43,213 INFO o.a.j.t.JMeterThread: Thread is done: Thread Group 1-17
2023-02-07 18:54:43,213 INFO o.a.j.t.JMeterThread: Thread finished: Thread Group 1-17
2023-02-07 18:54:43,244 INFO o.a.j.t.JMeterThread: Thread started: Thread Group 1-64
2023-02-07 18:54:43,345 INFO o.a.j.t.JMeterThread: Thread started: Thread Group 1-65
2023-02-07 18:54:43,433 INFO o.a.j.t.JMeterThread: Thread is done: Thread Group 1-37
2023-02-07 18:54:43,433 INFO o.a.j.t.JMeterThread: Thread finished: Thread Group 1-37
2023-02-07 18:54:43,438 INFO o.a.j.t.JMeterThread: Thread is done: Thread Group 1-5
2023-02-07 18:54:43,438 INFO o.a.j.t.JMeterThread: Thread finished: Thread Group 1-5
2023-02-07 18:54:43,445 INFO o.a.j.t.JMeterThread: Thread started: Thread Group 1-66
2023-02-07 18:54:43,475 INFO o.a.j.t.JMeterThread: Thread is done: Thread Group 1-28
2023-02-07 18:54:43,476 INFO o.a.j.t.JMeterThread: Thread finished: Thread Group 1-28
2023-02-07 18:54:43,533 INFO o.a.j.t.JMeterThread: Thread is done: Thread Group 1-13
2023-02-07 18:54:43,533 INFO o.a.j.t.JMeterThread: Thread finished: Thread Group 1-13
2023-02-07 18:54:43,545 INFO o.a.j.t.JMeterThread: Thread started: Thread Group 1-67
2023-02-07 18:54:43,589 INFO o.a.j.t.JMeterThread: Thread is done: Thread Group 1-9
2023-02-07 18:54:43,589 INFO o.a.j.t.JMeterThread: Thread finished: Thread Group 1-9
2023-02-07 18:54:43,595 INFO o.a.j.t.JMeterThread: Thread is done: Thread Group 1-18
2023-02-07 18:54:43,595 INFO o.a.j.t.JMeterThread: Thread finished: Thread Group 1-18
2023-02-07 18:54:43,612 INFO o.a.j.t.JMeterThread: Thread is done: Thread Group 1-10
2023-02-07 18:54:43,612 INFO o.a.j.t.JMeterThread: Thread finished: Thread Group 1-10
2023-02-07 18:54:43,619 INFO o.a.j.t.JMeterThread: Thread is done: Thread Group 1-15
2023-02-07 18:54:43,619 INFO o.a.j.t.JMeterThread: Thread finished: Thread Group 1-15
2023-02-07 18:54:43,631 INFO o.a.j.t.JMeterThread: Thread is done: Thread Group 1-35
2023-02-07 18:54:43,631 INFO o.a.j.t.JMeterThread: Thread finished: Thread Group 1-35
2023-02-07 18:54:43,642 INFO o.a.j.t.JMeterThread: Thread is done: Thread Group 1-32
2023-02-07 18:54:43,643 INFO o.a.j.t.JMeterThread: Thread finished: Thread Group 1-32
2023-02-07 18:54:43,645 INFO o.a.j.t.JMeterThread: Thread started: Thread Group 1-68
2023-02-07 18:54:43,651 INFO o.a.j.t.JMeterThread: Thread is done: Thread Group 1-38
2023-02-07 18:54:43,651 INFO o.a.j.t.JMeterThread: Thread finished: Thread Group 1-38
2023-02-07 18:54:43,753 INFO o.a.j.t.JMeterThread: Thread is done: Thread Group 1-12
2023-02-07 18:54:43,753 INFO o.a.j.t.JMeterThread: Thread finished: Thread Group 1-12
2023-02-07 18:54:43,757 INFO o.a.j.t.JMeterThread: Thread started: Thread Group 1-69
2023-02-07 18:54:43,757 INFO o.a.j.t.JMeterThread: Thread is done: Thread Group 1-30
2023-02-07 18:54:43,757 INFO o.a.j.t.JMeterThread: Thread finished: Thread Group 1-30
2023-02-07 18:54:43,784 INFO o.a.j.t.JMeterThread: Thread is done: Thread Group 1-16
2023-02-07 18:54:43,784 INFO o.a.j.t.JMeterThread: Thread finished: Thread Group 1-16
2023-02-07 18:54:43,815 INFO o.a.j.t.JMeterThread: Thread is done: Thread Group 1-20
2023-02-07 18:54:43,815 INFO o.a.j.t.JMeterThread: Thread finished: Thread Group 1-20
2023-02-07 18:54:43,851 INFO o.a.j.t.JMeterThread: Thread started: Thread Group 1-70
2023-02-07 18:54:43,935 INFO o.a.j.t.JMeterThread: Thread is done: Thread Group 1-34
2023-02-07 18:54:43,935 INFO o.a.j.t.JMeterThread: Thread finished: Thread Group 1-34
2023-02-07 18:54:43,946 INFO o.a.j.t.JMeterThread: Thread started: Thread Group 1-71
2023-02-07 18:54:44,046 INFO o.a.j.t.JMeterThread: Thread started: Thread Group 1-72
2023-02-07 18:54:44,144 INFO o.a.j.t.JMeterThread: Thread started: Thread Group 1-73
2023-02-07 18:54:44,202 INFO o.a.j.t.JMeterThread: Thread is done: Thread Group 1-8
2023-02-07 18:54:44,202 INFO o.a.j.t.JMeterThread: Thread finished: Thread Group 1-8
2023-02-07 18:54:44,245 INFO o.a.j.t.JMeterThread: Thread started: Thread Group 1-74
2023-02-07 18:54:44,254 INFO o.a.j.t.JMeterThread: Thread is done: Thread Group 1-4
2023-02-07 18:54:44,255 INFO o.a.j.t.JMeterThread: Thread finished: Thread Group 1-4
2023-02-07 18:54:44,316 INFO o.a.j.t.JMeterThread: Thread is done: Thread Group 1-41
2023-02-07 18:54:44,316 INFO o.a.j.t.JMeterThread: Thread is done: Thread Group 1-31
2023-02-07 18:54:44,316 INFO o.a.j.t.JMeterThread: Thread finished: Thread Group 1-41
2023-02-07 18:54:44,318 INFO o.a.j.t.JMeterThread: Thread finished: Thread Group 1-31
2023-02-07 18:54:44,337 INFO o.a.j.t.JMeterThread: Thread is done: Thread Group 1-3
2023-02-07 18:54:44,337 INFO o.a.j.t.JMeterThread: Thread finished: Thread Group 1-3
2023-02-07 18:54:44,345 INFO o.a.j.t.JMeterThread: Thread started: Thread Group 1-75
2023-02-07 18:54:44,388 INFO o.a.j.t.JMeterThread: Thread is done: Thread Group 1-39
2023-02-07 18:54:44,388 INFO o.a.j.t.JMeterThread: Thread finished: Thread Group 1-39
2023-02-07 18:54:44,436 INFO o.a.j.t.JMeterThread: Thread is done: Thread Group 1-40
2023-02-07 18:54:44,436 INFO o.a.j.t.JMeterThread: Thread finished: Thread Group 1-40
2023-02-07 18:54:44,445 INFO o.a.j.t.JMeterThread: Thread started: Thread Group 1-76
2023-02-07 18:54:44,546 INFO o.a.j.t.JMeterThread: Thread started: Thread Group 1-77
2023-02-07 18:54:44,552 INFO o.a.j.t.JMeterThread: Thread is done: Thread Group 1-43
2023-02-07 18:54:44,552 INFO o.a.j.t.JMeterThread: Thread finished: Thread Group 1-43
2023-02-07 18:54:44,646 INFO o.a.j.t.JMeterThread: Thread started: Thread Group 1-78
2023-02-07 18:54:44,746 INFO o.a.j.t.JMeterThread: Thread started: Thread Group 1-79
2023-02-07 18:54:44,855 INFO o.a.j.t.JMeterThread: Thread started: Thread Group 1-80
2023-02-07 18:54:44,918 INFO o.a.j.t.JMeterThread: Thread is done: Thread Group 1-44
2023-02-07 18:54:44,918 INFO o.a.j.t.JMeterThread: Thread finished: Thread Group 1-44
2023-02-07 18:54:44,949 INFO o.a.j.t.JMeterThread: Thread started: Thread Group 1-81
2023-02-07 18:54:45,044 INFO o.a.j.t.JMeterThread: Thread started: Thread Group 1-82
2023-02-07 18:54:45,100 INFO o.a.j.t.JMeterThread: Thread is done: Thread Group 1-48
2023-02-07 18:54:45,101 INFO o.a.j.t.JMeterThread: Thread finished: Thread Group 1-48
2023-02-07 18:54:45,139 INFO o.a.j.t.JMeterThread: Thread is done: Thread Group 1-46
2023-02-07 18:54:45,139 INFO o.a.j.t.JMeterThread: Thread finished: Thread Group 1-46
2023-02-07 18:54:45,145 INFO o.a.j.t.JMeterThread: Thread started: Thread Group 1-83
2023-02-07 18:54:45,245 INFO o.a.j.t.JMeterThread: Thread started: Thread Group 1-84
2023-02-07 18:54:45,334 INFO o.a.j.t.JMeterThread: Thread is done: Thread Group 1-42
2023-02-07 18:54:45,335 INFO o.a.j.t.JMeterThread: Thread finished: Thread Group 1-42
2023-02-07 18:54:45,345 INFO o.a.j.t.JMeterThread: Thread started: Thread Group 1-85
2023-02-07 18:54:45,445 INFO o.a.j.t.JMeterThread: Thread started: Thread Group 1-86
2023-02-07 18:54:45,514 INFO o.a.j.t.JMeterThread: Thread is done: Thread Group 1-45
2023-02-07 18:54:45,514 INFO o.a.j.t.JMeterThread: Thread finished: Thread Group 1-45
2023-02-07 18:54:45,544 INFO o.a.j.t.JMeterThread: Thread started: Thread Group 1-87
2023-02-07 18:54:45,646 INFO o.a.j.t.JMeterThread: Thread started: Thread Group 1-88
2023-02-07 18:54:45,744 INFO o.a.j.t.JMeterThread: Thread started: Thread Group 1-89
2023-02-07 18:54:45,823 INFO o.a.j.t.JMeterThread: Thread is done: Thread Group 1-47
2023-02-07 18:54:45,823 INFO o.a.j.t.JMeterThread: Thread finished: Thread Group 1-47
2023-02-07 18:54:45,845 INFO o.a.j.t.JMeterThread: Thread started: Thread Group 1-90
2023-02-07 18:54:45,945 INFO o.a.j.t.JMeterThread: Thread started: Thread Group 1-91
2023-02-07 18:54:46,045 INFO o.a.j.t.JMeterThread: Thread started: Thread Group 1-92
2023-02-07 18:54:46,058 INFO o.a.j.t.JMeterThread: Thread is done: Thread Group 1-62
2023-02-07 18:54:46,058 INFO o.a.j.t.JMeterThread: Thread finished: Thread Group 1-62
2023-02-07 18:54:46,144 INFO o.a.j.t.JMeterThread: Thread started: Thread Group 1-93
2023-02-07 18:54:46,246 INFO o.a.j.t.JMeterThread: Thread started: Thread Group 1-94
2023-02-07 18:54:46,256 INFO o.a.j.t.JMeterThread: Thread is done: Thread Group 1-61
2023-02-07 18:54:46,256 INFO o.a.j.t.JMeterThread: Thread finished: Thread Group 1-61
2023-02-07 18:54:46,327 INFO o.a.j.t.JMeterThread: Thread is done: Thread Group 1-50
2023-02-07 18:54:46,327 INFO o.a.j.t.JMeterThread: Thread finished: Thread Group 1-50
2023-02-07 18:54:46,345 INFO o.a.j.t.JMeterThread: Thread started: Thread Group 1-95
2023-02-07 18:54:46,428 INFO o.a.j.t.JMeterThread: Thread is done: Thread Group 1-54
2023-02-07 18:54:46,428 INFO o.a.j.t.JMeterThread: Thread finished: Thread Group 1-54
2023-02-07 18:54:46,436 INFO o.a.j.t.JMeterThread: Thread is done: Thread Group 1-63
2023-02-07 18:54:46,436 INFO o.a.j.t.JMeterThread: Thread finished: Thread Group 1-63
2023-02-07 18:54:46,444 INFO o.a.j.t.JMeterThread: Thread started: Thread Group 1-96
2023-02-07 18:54:46,544 INFO o.a.j.t.JMeterThread: Thread started: Thread Group 1-97
2023-02-07 18:54:46,564 INFO o.a.j.t.JMeterThread: Thread is done: Thread Group 1-55
2023-02-07 18:54:46,564 INFO o.a.j.t.JMeterThread: Thread finished: Thread Group 1-55
2023-02-07 18:54:46,606 INFO o.a.j.t.JMeterThread: Thread is done: Thread Group 1-64
2023-02-07 18:54:46,606 INFO o.a.j.t.JMeterThread: Thread finished: Thread Group 1-64
2023-02-07 18:54:46,645 INFO o.a.j.t.JMeterThread: Thread started: Thread Group 1-98
2023-02-07 18:54:46,745 INFO o.a.j.t.JMeterThread: Thread started: Thread Group 1-99
2023-02-07 18:54:46,753 INFO o.a.j.t.JMeterThread: Thread is done: Thread Group 1-51
2023-02-07 18:54:46,753 INFO o.a.j.t.JMeterThread: Thread finished: Thread Group 1-51
2023-02-07 18:54:46,809 INFO o.a.j.t.JMeterThread: Thread is done: Thread Group 1-67
2023-02-07 18:54:46,809 INFO o.a.j.t.JMeterThread: Thread finished: Thread Group 1-67
2023-02-07 18:54:46,845 INFO o.a.j.t.JMeterThread: Thread started: Thread Group 1-100
2023-02-07 18:54:46,923 INFO o.a.j.t.JMeterThread: Thread is done: Thread Group 1-73
2023-02-07 18:54:46,923 INFO o.a.j.t.JMeterThread: Thread finished: Thread Group 1-73
2023-02-07 18:54:46,923 INFO o.a.j.t.JMeterThread: Thread is done: Thread Group 1-52
2023-02-07 18:54:46,923 INFO o.a.j.t.JMeterThread: Thread finished: Thread Group 1-52
2023-02-07 18:54:46,938 INFO o.a.j.t.JMeterThread: Thread is done: Thread Group 1-69
2023-02-07 18:54:46,938 INFO o.a.j.t.JMeterThread: Thread finished: Thread Group 1-69
2023-02-07 18:54:46,985 INFO o.a.j.t.JMeterThread: Thread is done: Thread Group 1-56
2023-02-07 18:54:46,985 INFO o.a.j.t.JMeterThread: Thread finished: Thread Group 1-56
2023-02-07 18:54:47,016 INFO o.a.j.t.JMeterThread: Thread is done: Thread Group 1-66
2023-02-07 18:54:47,016 INFO o.a.j.t.JMeterThread: Thread finished: Thread Group 1-66
2023-02-07 18:54:47,141 INFO o.a.j.t.JMeterThread: Thread is done: Thread Group 1-75
2023-02-07 18:54:47,141 INFO o.a.j.t.JMeterThread: Thread finished: Thread Group 1-75
2023-02-07 18:54:47,188 INFO o.a.j.t.JMeterThread: Thread is done: Thread Group 1-65
2023-02-07 18:54:47,188 INFO o.a.j.t.JMeterThread: Thread finished: Thread Group 1-65
2023-02-07 18:54:47,188 INFO o.a.j.t.JMeterThread: Thread is done: Thread Group 1-68
2023-02-07 18:54:47,188 INFO o.a.j.t.JMeterThread: Thread finished: Thread Group 1-68
2023-02-07 18:54:47,220 INFO o.a.j.t.JMeterThread: Thread is done: Thread Group 1-49
2023-02-07 18:54:47,220 INFO o.a.j.t.JMeterThread: Thread finished: Thread Group 1-49
2023-02-07 18:54:47,329 INFO o.a.j.t.JMeterThread: Thread is done: Thread Group 1-77
2023-02-07 18:54:47,329 INFO o.a.j.t.JMeterThread: Thread finished: Thread Group 1-77
2023-02-07 18:54:47,360 INFO o.a.j.t.JMeterThread: Thread is done: Thread Group 1-60
2023-02-07 18:54:47,360 INFO o.a.j.t.JMeterThread: Thread finished: Thread Group 1-60
2023-02-07 18:54:47,641 INFO o.a.j.t.JMeterThread: Thread is done: Thread Group 1-76
2023-02-07 18:54:47,641 INFO o.a.j.t.JMeterThread: Thread finished: Thread Group 1-76
2023-02-07 18:54:47,657 INFO o.a.j.t.JMeterThread: Thread is done: Thread Group 1-58
2023-02-07 18:54:47,657 INFO o.a.j.t.JMeterThread: Thread finished: Thread Group 1-58
2023-02-07 18:54:47,688 INFO o.a.j.t.JMeterThread: Thread is done: Thread Group 1-70
2023-02-07 18:54:47,688 INFO o.a.j.t.JMeterThread: Thread finished: Thread Group 1-70
2023-02-07 18:54:47,720 INFO o.a.j.t.JMeterThread: Thread is done: Thread Group 1-74
2023-02-07 18:54:47,720 INFO o.a.j.t.JMeterThread: Thread finished: Thread Group 1-74
2023-02-07 18:54:47,829 INFO o.a.j.t.JMeterThread: Thread is done: Thread Group 1-79
2023-02-07 18:54:47,829 INFO o.a.j.t.JMeterThread: Thread finished: Thread Group 1-79
2023-02-07 18:54:47,829 INFO o.a.j.t.JMeterThread: Thread is done: Thread Group 1-72
2023-02-07 18:54:47,829 INFO o.a.j.t.JMeterThread: Thread finished: Thread Group 1-72
2023-02-07 18:54:47,876 INFO o.a.j.t.JMeterThread: Thread is done: Thread Group 1-53
2023-02-07 18:54:47,876 INFO o.a.j.t.JMeterThread: Thread finished: Thread Group 1-53
2023-02-07 18:54:47,922 INFO o.a.j.t.JMeterThread: Thread is done: Thread Group 1-80
2023-02-07 18:54:47,922 INFO o.a.j.t.JMeterThread: Thread finished: Thread Group 1-80
2023-02-07 18:54:48,032 INFO o.a.j.t.JMeterThread: Thread is done: Thread Group 1-78
2023-02-07 18:54:48,032 INFO o.a.j.t.JMeterThread: Thread finished: Thread Group 1-78
2023-02-07 18:54:48,047 INFO o.a.j.t.JMeterThread: Thread is done: Thread Group 1-59
2023-02-07 18:54:48,047 INFO o.a.j.t.JMeterThread: Thread finished: Thread Group 1-59
2023-02-07 18:54:48,204 INFO o.a.j.t.JMeterThread: Thread is done: Thread Group 1-82
2023-02-07 18:54:48,204 INFO o.a.j.t.JMeterThread: Thread finished: Thread Group 1-82
2023-02-07 18:54:48,360 INFO o.a.j.t.JMeterThread: Thread is done: Thread Group 1-57
2023-02-07 18:54:48,360 INFO o.a.j.t.JMeterThread: Thread finished: Thread Group 1-57
2023-02-07 18:54:48,407 INFO o.a.j.t.JMeterThread: Thread is done: Thread Group 1-89
2023-02-07 18:54:48,407 INFO o.a.j.t.JMeterThread: Thread finished: Thread Group 1-89
2023-02-07 18:54:48,438 INFO o.a.j.t.JMeterThread: Thread is done: Thread Group 1-84
2023-02-07 18:54:48,438 INFO o.a.j.t.JMeterThread: Thread finished: Thread Group 1-84
2023-02-07 18:54:48,579 INFO o.a.j.t.JMeterThread: Thread is done: Thread Group 1-86
2023-02-07 18:54:48,579 INFO o.a.j.t.JMeterThread: Thread is done: Thread Group 1-88
2023-02-07 18:54:48,579 INFO o.a.j.t.JMeterThread: Thread finished: Thread Group 1-86
2023-02-07 18:54:48,579 INFO o.a.j.t.JMeterThread: Thread finished: Thread Group 1-88
2023-02-07 18:54:48,688 INFO o.a.j.t.JMeterThread: Thread is done: Thread Group 1-91
2023-02-07 18:54:48,688 INFO o.a.j.t.JMeterThread: Thread finished: Thread Group 1-91
2023-02-07 18:54:48,719 INFO o.a.j.t.JMeterThread: Thread is done: Thread Group 1-83
2023-02-07 18:54:48,719 INFO o.a.j.t.JMeterThread: Thread finished: Thread Group 1-83
2023-02-07 18:54:48,782 INFO o.a.j.t.JMeterThread: Thread is done: Thread Group 1-85
2023-02-07 18:54:48,782 INFO o.a.j.t.JMeterThread: Thread finished: Thread Group 1-85
2023-02-07 18:54:48,829 INFO o.a.j.t.JMeterThread: Thread is done: Thread Group 1-81
2023-02-07 18:54:48,829 INFO o.a.j.t.JMeterThread: Thread finished: Thread Group 1-81
2023-02-07 18:54:48,891 INFO o.a.j.t.JMeterThread: Thread is done: Thread Group 1-90
2023-02-07 18:54:48,891 INFO o.a.j.t.JMeterThread: Thread finished: Thread Group 1-90
2023-02-07 18:54:49,079 INFO o.a.j.t.JMeterThread: Thread is done: Thread Group 1-87
2023-02-07 18:54:49,079 INFO o.a.j.t.JMeterThread: Thread finished: Thread Group 1-87
2023-02-07 18:54:49,125 INFO o.a.j.t.JMeterThread: Thread is done: Thread Group 1-71
2023-02-07 18:54:49,125 INFO o.a.j.t.JMeterThread: Thread finished: Thread Group 1-71
2023-02-07 18:54:49,141 INFO o.a.j.t.JMeterThread: Thread is done: Thread Group 1-92
2023-02-07 18:54:49,141 INFO o.a.j.t.JMeterThread: Thread finished: Thread Group 1-92
2023-02-07 18:54:49,203 INFO o.a.j.t.JMeterThread: Thread is done: Thread Group 1-99
2023-02-07 18:54:49,203 INFO o.a.j.t.JMeterThread: Thread finished: Thread Group 1-99
2023-02-07 18:54:49,391 INFO o.a.j.t.JMeterThread: Thread is done: Thread Group 1-97
2023-02-07 18:54:49,391 INFO o.a.j.t.JMeterThread: Thread finished: Thread Group 1-97
2023-02-07 18:54:49,532 INFO o.a.j.t.JMeterThread: Thread is done: Thread Group 1-98
2023-02-07 18:54:49,532 INFO o.a.j.t.JMeterThread: Thread finished: Thread Group 1-98
2023-02-07 18:54:49,625 INFO o.a.j.t.JMeterThread: Thread is done: Thread Group 1-94
2023-02-07 18:54:49,625 INFO o.a.j.t.JMeterThread: Thread finished: Thread Group 1-94
2023-02-07 18:54:49,801 INFO o.a.j.t.JMeterThread: Thread is done: Thread Group 1-95
2023-02-07 18:54:49,801 INFO o.a.j.t.JMeterThread: Thread finished: Thread Group 1-95
2023-02-07 18:54:49,973 INFO o.a.j.t.JMeterThread: Thread is done: Thread Group 1-100
2023-02-07 18:54:49,973 INFO o.a.j.t.JMeterThread: Thread finished: Thread Group 1-100
2023-02-07 18:54:50,260 INFO o.a.j.t.JMeterThread: Thread is done: Thread Group 1-96
2023-02-07 18:54:50,260 INFO o.a.j.t.JMeterThread: Thread finished: Thread Group 1-96
2023-02-07 18:54:50,369 INFO o.a.j.t.JMeterThread: Thread is done: Thread Group 1-93
2023-02-07 18:54:50,369 INFO o.a.j.t.JMeterThread: Thread finished: Thread Group 1-93
2023-02-07 18:54:50,369 INFO o.a.j.e.StandardJMeterEngine: Notifying test listeners of end of test
2023-02-07 18:54:50,369 INFO o.a.j.r.Summariser: summary =    500 in 00:00:13 =   37.2/s Avg:   791 Min:   194 Max:  4240 Err:   100 (20.00%)
2023-02-07 18:54:50,369 INFO o.a.j.JMeter: Generating Dashboard
2023-02-07 18:54:50,369 INFO o.a.j.r.d.ReportGenerator: Flushing result collector before report Generation
2023-02-07 18:54:50,369 INFO o.a.j.r.p.NormalizerSampleConsumer: Using format, 'ms', to parse timeStamp field
2023-02-07 18:54:50,510 INFO o.a.j.r.p.AbstractSampleConsumer: class org.apache.jmeter.report.processor.AggregateConsumer#stopProducing(): beginDate produced 0 samples
2023-02-07 18:54:50,510 INFO o.a.j.r.p.AbstractSampleConsumer: class org.apache.jmeter.report.processor.AggregateConsumer#stopProducing(): endDate produced 0 samples
2023-02-07 18:54:50,510 INFO o.a.j.r.p.AbstractSampleConsumer: class org.apache.jmeter.report.processor.ApdexSummaryConsumer#stopProducing(): apdexSummary produced 0 samples
2023-02-07 18:54:50,510 INFO o.a.j.r.p.AbstractSampleConsumer: class org.apache.jmeter.report.processor.RequestsSummaryConsumer#stopProducing(): requestsSummary produced 0 samples
2023-02-07 18:54:50,510 INFO o.a.j.r.p.AbstractSampleConsumer: class org.apache.jmeter.report.processor.StatisticsSummaryConsumer#stopProducing(): statisticsSummary produced 0 samples
2023-02-07 18:54:50,525 INFO o.a.j.r.p.AbstractSampleConsumer: class org.apache.jmeter.report.processor.Top5ErrorsBySamplerConsumer#stopProducing(): top5ErrorsBySampler produced 0 samples
2023-02-07 18:54:50,525 INFO o.a.j.r.p.AbstractSampleConsumer: class org.apache.jmeter.report.processor.ErrorsSummaryConsumer#stopProducing(): errorsSummary produced 0 samples
2023-02-07 18:54:50,525 INFO o.a.j.r.p.AbstractSampleConsumer: class org.apache.jmeter.report.processor.graph.impl.HitsPerSecondGraphConsumer#stopProducing(): hitsPerSecond produced 0 samples
2023-02-07 18:54:50,541 INFO o.a.j.r.p.AbstractSampleConsumer: class org.apache.jmeter.report.processor.graph.impl.LatencyVSRequestGraphConsumer#stopProducing(): latencyVsRequest produced 0 samples
2023-02-07 18:54:50,541 INFO o.a.j.r.p.AbstractSampleConsumer: class org.apache.jmeter.report.processor.graph.impl.SyntheticResponseTimeDistributionGraphConsumer#stopProducing(): syntheticResponseTimeDistribution produced 0 samples
2023-02-07 18:54:50,541 INFO o.a.j.r.p.AbstractSampleConsumer: class org.apache.jmeter.report.processor.graph.impl.BytesThroughputGraphConsumer#stopProducing(): bytesThroughputOverTime produced 0 samples
2023-02-07 18:54:50,541 INFO o.a.j.r.p.AbstractSampleConsumer: class org.apache.jmeter.report.processor.graph.impl.CodesPerSecondGraphConsumer#stopProducing(): codesPerSecond produced 0 samples
2023-02-07 18:54:50,541 INFO o.a.j.r.p.AbstractSampleConsumer: class org.apache.jmeter.report.processor.graph.impl.ResponseTimeVSRequestGraphConsumer#stopProducing(): responseTimeVsRequest produced 0 samples
2023-02-07 18:54:50,541 INFO o.a.j.r.p.AbstractSampleConsumer: class org.apache.jmeter.report.processor.FilterConsumer#stopProducing(): startIntervalControlerFilter produced 10500 samples
2023-02-07 18:54:50,541 INFO o.a.j.r.p.AbstractSampleConsumer: class org.apache.jmeter.report.processor.graph.impl.TotalTPSGraphConsumer#stopProducing(): totalTPS produced 0 samples
2023-02-07 18:54:50,541 INFO o.a.j.r.p.AbstractSampleConsumer: class org.apache.jmeter.report.processor.graph.impl.ActiveThreadsGraphConsumer#stopProducing(): activeThreadsOverTime produced 0 samples
2023-02-07 18:54:50,541 INFO o.a.j.r.p.AbstractSampleConsumer: class org.apache.jmeter.report.processor.graph.impl.TimeVSThreadGraphConsumer#stopProducing(): timeVsThreads produced 0 samples
2023-02-07 18:54:50,541 INFO o.a.j.r.p.AbstractSampleConsumer: class org.apache.jmeter.report.processor.graph.impl.ResponseTimeDistributionGraphConsumer#stopProducing(): responseTimeDistribution produced 0 samples
2023-02-07 18:54:50,541 INFO o.a.j.r.p.AbstractSampleConsumer: class org.apache.jmeter.report.processor.graph.impl.TransactionsPerSecondGraphConsumer#stopProducing(): transactionsPerSecond produced 0 samples
2023-02-07 18:54:50,541 INFO o.a.j.r.p.AbstractSampleConsumer: class org.apache.jmeter.report.processor.graph.impl.ResponseTimePercentilesGraphConsumer#stopProducing(): responseTimePercentiles produced 0 samples
2023-02-07 18:54:50,556 INFO o.a.j.r.p.AbstractSampleConsumer: class org.apache.jmeter.report.processor.graph.impl.ResponseTimePercentilesOverTimeGraphConsumer#stopProducing(): responseTimePercentilesOverTime produced 0 samples
2023-02-07 18:54:50,556 INFO o.a.j.r.p.AbstractSampleConsumer: class org.apache.jmeter.report.processor.graph.impl.ResponseTimeOverTimeGraphConsumer#stopProducing(): responseTimesOverTime produced 0 samples
2023-02-07 18:54:50,556 INFO o.a.j.r.p.AbstractSampleConsumer: class org.apache.jmeter.report.processor.graph.impl.ConnectTimeOverTimeGraphConsumer#stopProducing(): connectTimeOverTime produced 0 samples
2023-02-07 18:54:50,556 INFO o.a.j.r.p.AbstractSampleConsumer: class org.apache.jmeter.report.processor.graph.impl.LatencyOverTimeGraphConsumer#stopProducing(): latenciesOverTime produced 0 samples
2023-02-07 18:54:50,556 INFO o.a.j.r.p.AbstractSampleConsumer: class org.apache.jmeter.report.processor.FilterConsumer#stopProducing(): nameFilter produced 22500 samples
2023-02-07 18:54:50,556 INFO o.a.j.r.p.AbstractSampleConsumer: class org.apache.jmeter.report.processor.FilterConsumer#stopProducing(): dateRangeFilter produced 4500 samples
2023-02-07 18:54:50,556 INFO o.a.j.r.p.AbstractSampleConsumer: class org.apache.jmeter.report.processor.NormalizerSampleConsumer#stopProducing(): normalizer produced 1500 samples
2023-02-07 18:54:50,556 INFO o.a.j.r.p.CsvFileSampleSource: produce(): 1500 samples produced in 156ms on channel 0
2023-02-07 18:54:50,556 INFO o.a.j.r.d.ReportGenerator: Exporting data using exporter:'json' of className:'org.apache.jmeter.report.dashboard.JsonExporter'
2023-02-07 18:54:50,666 INFO o.a.j.r.d.JsonExporter: Found data for consumer statisticsSummary in context
2023-02-07 18:54:50,666 INFO o.a.j.r.d.JsonExporter: Creating statistics for overall
2023-02-07 18:54:50,666 INFO o.a.j.r.d.JsonExporter: Creating statistics for other transactions
2023-02-07 18:54:50,666 INFO o.a.j.r.d.JsonExporter: Checking output folder
2023-02-07 18:54:50,666 INFO o.a.j.r.d.JsonExporter: Writing statistics JSON to C:\Users\Korisnik\Desktop\jmeter\apache-jmeter-5.5\bin\LoadTest\HTMLReport\statistics.json
2023-02-07 18:54:50,713 INFO o.a.j.r.d.ReportGenerator: Exporting data using exporter:'html' of className:'org.apache.jmeter.report.dashboard.HtmlTemplateExporter'
2023-02-07 18:54:50,713 INFO o.a.j.r.d.HtmlTemplateExporter: Will generate dashboard in folder: C:\Users\Korisnik\Desktop\jmeter\apache-jmeter-5.5\bin\LoadTest\HTMLReport
2023-02-07 18:54:50,791 INFO o.a.j.r.d.HtmlTemplateExporter: Report will be generated in: C:\Users\Korisnik\Desktop\jmeter\apache-jmeter-5.5\bin\LoadTest\HTMLReport, creating folder structure
2023-02-07 18:54:50,791 INFO o.a.j.r.d.TemplateVisitor: Copying folder from 'C:\Users\Korisnik\Desktop\jmeter\apache-jmeter-5.5\bin\report-template' to 'C:\Users\Korisnik\Desktop\jmeter\apache-jmeter-5.5\bin\LoadTest\HTMLReport', got message: C:\Users\Korisnik\Desktop\jmeter\apache-jmeter-5.5\bin\LoadTest\HTMLReport, found non empty folder with following content [C:\Users\Korisnik\Desktop\jmeter\apache-jmeter-5.5\bin\LoadTest\HTMLReport\statistics.json], will be ignored
2023-02-07 18:54:50,994 INFO o.a.j.JMeter: Dashboard generated
